<?xml version="1.0" encoding="UTF-8"?>
<!-- Generated by org.testng.reporters.JUnitXMLReporter -->
<testsuite ignored="0" hostname="LAPTOP-CUFQDMPR" failures="0" tests="18" name="Default test" time="14.731" errors="0" timestamp="2023-05-19T21:46:58 IST">
  <testcase classname="TestCases.GithubRepo" name="CreateaRepositoryfortheAuthenticatedUser" time="4.279"/>
  <testcase classname="TestCases.GithubRepo" name="UpdateaRepository" time="0.744"/>
  <testcase classname="TestCases.GithubRepo" name="GetaRepository" time="0.444"/>
  <testcase classname="TestCases.GithubRepo" name="CreateOrUpdateFileContents" time="0.68"/>
  <testcase classname="TestCases.GithubRepo" name="CreateaFork" time="1.401"/>
  <testcase classname="TestCases.GithubRepo" name="ListForks" time="0.48"/>
  <testcase classname="TestCases.GithubRepo" name="ListRepositoriesForaUser" time="0.904"/>
  <testcase classname="TestCases.GithubRepo" name="ListRepositoryLanguages" time="0.376"/>
  <testcase classname="TestCases.GithubRepo" name="ListPublicRepositories" time="0.577"/>
  <testcase classname="TestCases.GithubRepo" name="DeleteaFile" time="0.817"/>
  <testcase classname="TestCases.GithubRepo" name="ListRepositoryTags" time="0.419"/>
  <testcase classname="TestCases.GithubRepo" name="CreateAnAutolinkReferenceforaRepository" time="0.428"/>
  <testcase classname="TestCases.GithubRepo" name="ReplaceAllRepositoryTopics" time="0.815"/>
  <testcase classname="TestCases.GithubRepo" name="GetAllRepositoryTopics" time="0.424"/>
  <testcase classname="TestCases.GithubRepo" name="GetAnAutolinkReferenceofaRepository" time="0.418"/>
  <testcase classname="TestCases.GithubRepo" name="DeleteAnAutolinkReferenceFromaRepository" time="0.436"/>
  <testcase classname="TestCases.GithubRepo" name="GetaRepository2" time="0.429"/>
  <testcase classname="TestCases.GithubRepo" name="DeleteaRepository" time="0.55"/>
</testsuite> <!-- Default test -->
