<?xml version="1.0" encoding="UTF-8"?>
<!-- Generated by org.testng.reporters.JUnitXMLReporter -->
<testsuite ignored="0" hostname="LAPTOP-CUFQDMPR" failures="0" tests="18" name="Test" time="14.941" errors="0" timestamp="2023-05-09T10:02:30 IST">
  <testcase classname="TestCases.GithubRepo" name="CreateaRepositoryfortheAuthenticatedUser" time="4.15"/>
  <testcase classname="TestCases.GithubRepo" name="UpdateaRepository" time="0.898"/>
  <testcase classname="TestCases.GithubRepo" name="GetaRepository" time="0.427"/>
  <testcase classname="TestCases.GithubRepo" name="CreateOrUpdateFileContents" time="0.617"/>
  <testcase classname="TestCases.GithubRepo" name="CreateaFork" time="1.336"/>
  <testcase classname="TestCases.GithubRepo" name="ListForks" time="0.48"/>
  <testcase classname="TestCases.GithubRepo" name="ListRepositoriesForaUser" time="0.653"/>
  <testcase classname="TestCases.GithubRepo" name="ListRepositoryLanguages" time="0.427"/>
  <testcase classname="TestCases.GithubRepo" name="ListPublicRepositories" time="0.715"/>
  <testcase classname="TestCases.GithubRepo" name="DeleteaFile" time="0.555"/>
  <testcase classname="TestCases.GithubRepo" name="ListRepositoryTags" time="0.473"/>
  <testcase classname="TestCases.GithubRepo" name="CreateAnAutolinkReferenceforaRepository" time="0.563"/>
  <testcase classname="TestCases.GithubRepo" name="ReplaceAllRepositoryTopics" time="0.877"/>
  <testcase classname="TestCases.GithubRepo" name="GetAllRepositoryTopics" time="0.46"/>
  <testcase classname="TestCases.GithubRepo" name="GetAnAutolinkReferenceofaRepository" time="0.507"/>
  <testcase classname="TestCases.GithubRepo" name="DeleteAnAutolinkReferenceFromaRepository" time="0.424"/>
  <testcase classname="TestCases.GithubRepo" name="GetaRepository2" time="0.421"/>
  <testcase classname="TestCases.GithubRepo" name="DeleteaRepository" time="0.847"/>
</testsuite> <!-- Test -->
