<?xml version="1.0" encoding="UTF-8"?>
<testng-results ignored="0" total="18" passed="18" failed="0" skipped="0">
  <reporter-output>
  </reporter-output>
  <suite started-at="2023-05-19T21:46:43 IST" name="Default suite" finished-at="2023-05-19T21:46:58 IST" duration-ms="14731">
    <groups>
    </groups>
    <test started-at="2023-05-19T21:46:43 IST" name="Default test" finished-at="2023-05-19T21:46:58 IST" duration-ms="14731">
      <class name="TestCases.GithubRepo">
        <test-method signature="CreateaRepositoryfortheAuthenticatedUser()[pri:0, instance:TestCases.GithubRepo@71809907]" started-at="2023-05-19T21:46:43 IST" name="CreateaRepositoryfortheAuthenticatedUser" finished-at="2023-05-19T21:46:48 IST" duration-ms="4279" status="PASS">
          <reporter-output>
          </reporter-output>
        </test-method> <!-- CreateaRepositoryfortheAuthenticatedUser -->
        <test-method signature="UpdateaRepository()[pri:1, instance:TestCases.GithubRepo@71809907]" started-at="2023-05-19T21:46:48 IST" name="UpdateaRepository" finished-at="2023-05-19T21:46:48 IST" duration-ms="744" status="PASS">
          <reporter-output>
          </reporter-output>
        </test-method> <!-- UpdateaRepository -->
        <test-method signature="GetaRepository()[pri:2, instance:TestCases.GithubRepo@71809907]" started-at="2023-05-19T21:46:48 IST" name="GetaRepository" finished-at="2023-05-19T21:46:49 IST" duration-ms="444" status="PASS">
          <reporter-output>
          </reporter-output>
        </test-method> <!-- GetaRepository -->
        <test-method signature="CreateOrUpdateFileContents()[pri:3, instance:TestCases.GithubRepo@71809907]" started-at="2023-05-19T21:46:49 IST" name="CreateOrUpdateFileContents" finished-at="2023-05-19T21:46:50 IST" duration-ms="680" status="PASS">
          <reporter-output>
          </reporter-output>
        </test-method> <!-- CreateOrUpdateFileContents -->
        <test-method signature="CreateaFork()[pri:4, instance:TestCases.GithubRepo@71809907]" started-at="2023-05-19T21:46:50 IST" name="CreateaFork" finished-at="2023-05-19T21:46:51 IST" duration-ms="1401" status="PASS">
          <reporter-output>
          </reporter-output>
        </test-method> <!-- CreateaFork -->
        <test-method signature="ListForks()[pri:5, instance:TestCases.GithubRepo@71809907]" started-at="2023-05-19T21:46:51 IST" name="ListForks" finished-at="2023-05-19T21:46:51 IST" duration-ms="480" status="PASS">
          <reporter-output>
          </reporter-output>
        </test-method> <!-- ListForks -->
        <test-method signature="ListRepositoriesForaUser()[pri:6, instance:TestCases.GithubRepo@71809907]" started-at="2023-05-19T21:46:51 IST" name="ListRepositoriesForaUser" finished-at="2023-05-19T21:46:52 IST" duration-ms="904" status="PASS">
          <reporter-output>
          </reporter-output>
        </test-method> <!-- ListRepositoriesForaUser -->
        <test-method signature="ListRepositoryLanguages()[pri:7, instance:TestCases.GithubRepo@71809907]" started-at="2023-05-19T21:46:52 IST" name="ListRepositoryLanguages" finished-at="2023-05-19T21:46:53 IST" duration-ms="376" status="PASS">
          <reporter-output>
          </reporter-output>
        </test-method> <!-- ListRepositoryLanguages -->
        <test-method signature="ListPublicRepositories()[pri:8, instance:TestCases.GithubRepo@71809907]" started-at="2023-05-19T21:46:53 IST" name="ListPublicRepositories" finished-at="2023-05-19T21:46:53 IST" duration-ms="577" status="PASS">
          <reporter-output>
          </reporter-output>
        </test-method> <!-- ListPublicRepositories -->
        <test-method signature="DeleteaFile()[pri:9, instance:TestCases.GithubRepo@71809907]" started-at="2023-05-19T21:46:53 IST" name="DeleteaFile" finished-at="2023-05-19T21:46:54 IST" duration-ms="817" status="PASS">
          <reporter-output>
          </reporter-output>
        </test-method> <!-- DeleteaFile -->
        <test-method signature="ListRepositoryTags()[pri:10, instance:TestCases.GithubRepo@71809907]" started-at="2023-05-19T21:46:54 IST" name="ListRepositoryTags" finished-at="2023-05-19T21:46:55 IST" duration-ms="419" status="PASS">
          <reporter-output>
          </reporter-output>
        </test-method> <!-- ListRepositoryTags -->
        <test-method signature="CreateAnAutolinkReferenceforaRepository()[pri:11, instance:TestCases.GithubRepo@71809907]" started-at="2023-05-19T21:46:55 IST" name="CreateAnAutolinkReferenceforaRepository" finished-at="2023-05-19T21:46:55 IST" duration-ms="428" status="PASS">
          <reporter-output>
          </reporter-output>
        </test-method> <!-- CreateAnAutolinkReferenceforaRepository -->
        <test-method signature="ReplaceAllRepositoryTopics()[pri:12, instance:TestCases.GithubRepo@71809907]" started-at="2023-05-19T21:46:55 IST" name="ReplaceAllRepositoryTopics" finished-at="2023-05-19T21:46:56 IST" duration-ms="815" status="PASS">
          <reporter-output>
          </reporter-output>
        </test-method> <!-- ReplaceAllRepositoryTopics -->
        <test-method signature="GetAllRepositoryTopics()[pri:13, instance:TestCases.GithubRepo@71809907]" started-at="2023-05-19T21:46:56 IST" name="GetAllRepositoryTopics" finished-at="2023-05-19T21:46:56 IST" duration-ms="424" status="PASS">
          <reporter-output>
          </reporter-output>
        </test-method> <!-- GetAllRepositoryTopics -->
        <test-method signature="GetAnAutolinkReferenceofaRepository()[pri:14, instance:TestCases.GithubRepo@71809907]" started-at="2023-05-19T21:46:56 IST" name="GetAnAutolinkReferenceofaRepository" finished-at="2023-05-19T21:46:57 IST" duration-ms="418" status="PASS">
          <reporter-output>
          </reporter-output>
        </test-method> <!-- GetAnAutolinkReferenceofaRepository -->
        <test-method signature="DeleteAnAutolinkReferenceFromaRepository()[pri:15, instance:TestCases.GithubRepo@71809907]" started-at="2023-05-19T21:46:57 IST" name="DeleteAnAutolinkReferenceFromaRepository" finished-at="2023-05-19T21:46:57 IST" duration-ms="436" status="PASS">
          <reporter-output>
          </reporter-output>
        </test-method> <!-- DeleteAnAutolinkReferenceFromaRepository -->
        <test-method signature="GetaRepository2()[pri:16, instance:TestCases.GithubRepo@71809907]" started-at="2023-05-19T21:46:57 IST" name="GetaRepository2" finished-at="2023-05-19T21:46:57 IST" duration-ms="429" status="PASS">
          <reporter-output>
          </reporter-output>
        </test-method> <!-- GetaRepository2 -->
        <test-method signature="DeleteaRepository()[pri:17, instance:TestCases.GithubRepo@71809907]" started-at="2023-05-19T21:46:57 IST" name="DeleteaRepository" finished-at="2023-05-19T21:46:58 IST" duration-ms="550" status="PASS">
          <reporter-output>
          </reporter-output>
        </test-method> <!-- DeleteaRepository -->
      </class> <!-- TestCases.GithubRepo -->
    </test> <!-- Default test -->
  </suite> <!-- Default suite -->
</testng-results>
